Analysis & Synthesis report for MU0CPU
Thu Apr 30 14:22:08 2020
Quartus Prime Version 18.1.0 Build 625 09/12/2018 SJ Standard Edition


---------------------
; Table of Contents ;
---------------------
  1. Legal Notice
  2. Analysis & Synthesis Summary
  3. Analysis & Synthesis Settings
  4. Parallel Compilation
  5. Analysis & Synthesis Source Files Read
  6. Analysis & Synthesis Resource Usage Summary
  7. Analysis & Synthesis Resource Utilization by Entity
  8. Analysis & Synthesis RAM Summary
  9. Analysis & Synthesis IP Cores Summary
 10. Logic Cells Representing Combinational Loops
 11. Registers Removed During Synthesis
 12. General Register Statistics
 13. Source assignments for RAM:RAM|altsyncram:altsyncram_component|altsyncram_dro1:auto_generated
 14. Parameter Settings for User Entity Instance: LPM_FF:FSMFF
 15. Parameter Settings for User Entity Instance: BUSMUX:MUX2
 16. Parameter Settings for User Entity Instance: RAM:RAM|altsyncram:altsyncram_component
 17. Parameter Settings for User Entity Instance: BUSMUX:MUX1
 18. Parameter Settings for User Entity Instance: LPM_COUNTER:PC
 19. Parameter Settings for User Entity Instance: LPM_FF:IR
 20. altsyncram Parameter Settings by Entity Instance
 21. Post-Synthesis Netlist Statistics for Top Partition
 22. Elapsed Time Per Partition
 23. Analysis & Synthesis Messages



----------------
; Legal Notice ;
----------------
Copyright (C) 2018  Intel Corporation. All rights reserved.
Your use of Intel Corporation's design tools, logic functions 
and other software and tools, and its AMPP partner logic 
functions, and any output files from any of the foregoing 
(including device programming or simulation files), and any 
associated documentation or information are expressly subject 
to the terms and conditions of the Intel Program License 
Subscription Agreement, the Intel Quartus Prime License Agreement,
the Intel FPGA IP License Agreement, or other applicable license
agreement, including, without limitation, that your use is for
the sole purpose of programming logic devices manufactured by
Intel and sold by Intel or its authorized distributors.  Please
refer to the applicable agreement for further details.



+-----------------------------------------------------------------------------------+
; Analysis & Synthesis Summary                                                      ;
+---------------------------------+-------------------------------------------------+
; Analysis & Synthesis Status     ; Successful - Thu Apr 30 14:22:08 2020           ;
; Quartus Prime Version           ; 18.1.0 Build 625 09/12/2018 SJ Standard Edition ;
; Revision Name                   ; MU0CPU                                          ;
; Top-level Entity Name           ; MU0CPU                                          ;
; Family                          ; Cyclone V                                       ;
; Logic utilization (in ALMs)     ; N/A                                             ;
; Total registers                 ; 30                                              ;
; Total pins                      ; 83                                              ;
; Total virtual pins              ; 0                                               ;
; Total block memory bits         ; 65,536                                          ;
; Total DSP Blocks                ; 0                                               ;
; Total HSSI RX PCSs              ; 0                                               ;
; Total HSSI PMA RX Deserializers ; 0                                               ;
; Total HSSI TX PCSs              ; 0                                               ;
; Total HSSI PMA TX Serializers   ; 0                                               ;
; Total PLLs                      ; 0                                               ;
; Total DLLs                      ; 0                                               ;
+---------------------------------+-------------------------------------------------+


+---------------------------------------------------------------------------------------------------------------------------+
; Analysis & Synthesis Settings                                                                                             ;
+---------------------------------------------------------------------------------+--------------------+--------------------+
; Option                                                                          ; Setting            ; Default Value      ;
+---------------------------------------------------------------------------------+--------------------+--------------------+
; Device                                                                          ; 5CGXFC7C7F23C8     ;                    ;
; Top-level entity name                                                           ; MU0CPU             ; MU0CPU             ;
; Family name                                                                     ; Cyclone V          ; Cyclone V          ;
; Use smart compilation                                                           ; Off                ; Off                ;
; Enable parallel Assembler and Timing Analyzer during compilation                ; On                 ; On                 ;
; Enable compact report table                                                     ; Off                ; Off                ;
; Restructure Multiplexers                                                        ; Auto               ; Auto               ;
; MLAB Add Timing Constraints For Mixed-Port Feed-Through Mode Setting Don't Care ; Off                ; Off                ;
; Create Debugging Nodes for IP Cores                                             ; Off                ; Off                ;
; Preserve fewer node names                                                       ; On                 ; On                 ;
; Intel FPGA IP Evaluation Mode                                                   ; Enable             ; Enable             ;
; Verilog Version                                                                 ; Verilog_2001       ; Verilog_2001       ;
; VHDL Version                                                                    ; VHDL_1993          ; VHDL_1993          ;
; State Machine Processing                                                        ; Auto               ; Auto               ;
; Safe State Machine                                                              ; Off                ; Off                ;
; Extract Verilog State Machines                                                  ; On                 ; On                 ;
; Extract VHDL State Machines                                                     ; On                 ; On                 ;
; Ignore Verilog initial constructs                                               ; Off                ; Off                ;
; Iteration limit for constant Verilog loops                                      ; 5000               ; 5000               ;
; Iteration limit for non-constant Verilog loops                                  ; 250                ; 250                ;
; Add Pass-Through Logic to Inferred RAMs                                         ; On                 ; On                 ;
; Infer RAMs from Raw Logic                                                       ; On                 ; On                 ;
; Parallel Synthesis                                                              ; On                 ; On                 ;
; DSP Block Balancing                                                             ; Auto               ; Auto               ;
; NOT Gate Push-Back                                                              ; On                 ; On                 ;
; Power-Up Don't Care                                                             ; On                 ; On                 ;
; Remove Redundant Logic Cells                                                    ; Off                ; Off                ;
; Remove Duplicate Registers                                                      ; On                 ; On                 ;
; Ignore CARRY Buffers                                                            ; Off                ; Off                ;
; Ignore CASCADE Buffers                                                          ; Off                ; Off                ;
; Ignore GLOBAL Buffers                                                           ; Off                ; Off                ;
; Ignore ROW GLOBAL Buffers                                                       ; Off                ; Off                ;
; Ignore LCELL Buffers                                                            ; Off                ; Off                ;
; Ignore SOFT Buffers                                                             ; On                 ; On                 ;
; Limit AHDL Integers to 32 Bits                                                  ; Off                ; Off                ;
; Optimization Technique                                                          ; Balanced           ; Balanced           ;
; Carry Chain Length                                                              ; 70                 ; 70                 ;
; Auto Carry Chains                                                               ; On                 ; On                 ;
; Auto Open-Drain Pins                                                            ; On                 ; On                 ;
; Perform WYSIWYG Primitive Resynthesis                                           ; Off                ; Off                ;
; Auto ROM Replacement                                                            ; On                 ; On                 ;
; Auto RAM Replacement                                                            ; On                 ; On                 ;
; Auto DSP Block Replacement                                                      ; On                 ; On                 ;
; Auto Shift Register Replacement                                                 ; Auto               ; Auto               ;
; Allow Shift Register Merging across Hierarchies                                 ; Auto               ; Auto               ;
; Auto Clock Enable Replacement                                                   ; On                 ; On                 ;
; Strict RAM Replacement                                                          ; Off                ; Off                ;
; Allow Synchronous Control Signals                                               ; On                 ; On                 ;
; Force Use of Synchronous Clear Signals                                          ; Off                ; Off                ;
; Auto Resource Sharing                                                           ; Off                ; Off                ;
; Allow Any RAM Size For Recognition                                              ; Off                ; Off                ;
; Allow Any ROM Size For Recognition                                              ; Off                ; Off                ;
; Allow Any Shift Register Size For Recognition                                   ; Off                ; Off                ;
; Use LogicLock Constraints during Resource Balancing                             ; On                 ; On                 ;
; Ignore translate_off and synthesis_off directives                               ; Off                ; Off                ;
; Timing-Driven Synthesis                                                         ; On                 ; On                 ;
; Report Parameter Settings                                                       ; On                 ; On                 ;
; Report Source Assignments                                                       ; On                 ; On                 ;
; Report Connectivity Checks                                                      ; On                 ; On                 ;
; Ignore Maximum Fan-Out Assignments                                              ; Off                ; Off                ;
; Synchronization Register Chain Length                                           ; 3                  ; 3                  ;
; Power Optimization During Synthesis                                             ; Normal compilation ; Normal compilation ;
; HDL message level                                                               ; Level2             ; Level2             ;
; Suppress Register Optimization Related Messages                                 ; Off                ; Off                ;
; Number of Removed Registers Reported in Synthesis Report                        ; 5000               ; 5000               ;
; Number of Swept Nodes Reported in Synthesis Report                              ; 5000               ; 5000               ;
; Number of Inverted Registers Reported in Synthesis Report                       ; 100                ; 100                ;
; Clock MUX Protection                                                            ; On                 ; On                 ;
; Auto Gated Clock Conversion                                                     ; Off                ; Off                ;
; Block Design Naming                                                             ; Auto               ; Auto               ;
; SDC constraint protection                                                       ; Off                ; Off                ;
; Synthesis Effort                                                                ; Auto               ; Auto               ;
; Shift Register Replacement - Allow Asynchronous Clear Signal                    ; On                 ; On                 ;
; Pre-Mapping Resynthesis Optimization                                            ; Off                ; Off                ;
; Analysis & Synthesis Message Level                                              ; Medium             ; Medium             ;
; Disable Register Merging Across Hierarchies                                     ; Auto               ; Auto               ;
; Resource Aware Inference For Block RAM                                          ; On                 ; On                 ;
; Automatic Parallel Synthesis                                                    ; On                 ; On                 ;
; Partial Reconfiguration Bitstream ID                                            ; Off                ; Off                ;
+---------------------------------------------------------------------------------+--------------------+--------------------+


+------------------------------------------+
; Parallel Compilation                     ;
+----------------------------+-------------+
; Processors                 ; Number      ;
+----------------------------+-------------+
; Number detected on machine ; 12          ;
; Maximum allowed            ; 6           ;
;                            ;             ;
; Average used               ; 1.00        ;
; Maximum used               ; 6           ;
;                            ;             ;
; Usage by Processor         ; % Time Used ;
;     Processor 1            ; 100.0%      ;
;     Processors 2-6         ;   0.0%      ;
+----------------------------+-------------+


+------------------------------------------------------------------------------------------------------------------------------------------------------------------------------------------------+
; Analysis & Synthesis Source Files Read                                                                                                                                                         ;
+----------------------------------+-----------------+------------------------------------+--------------------------------------------------------------------------------------------+---------+
; File Name with User-Entered Path ; Used in Netlist ; File Type                          ; File Name with Absolute Path                                                               ; Library ;
+----------------------------------+-----------------+------------------------------------+--------------------------------------------------------------------------------------------+---------+
; MU0CPU.bdf                       ; yes             ; User Block Diagram/Schematic File  ; //icnas4.cc.ic.ac.uk/tjm1518/DECA Lab 4/MU0CPU202004301226_restored/MU0CPU.bdf             ;         ;
; RAM.v                            ; yes             ; User Wizard-Generated File         ; //icnas4.cc.ic.ac.uk/tjm1518/DECA Lab 4/MU0CPU202004301226_restored/RAM.v                  ;         ;
; CPUState.sv                      ; yes             ; User SystemVerilog HDL File        ; //icnas4.cc.ic.ac.uk/tjm1518/DECA Lab 4/MU0CPU202004301226_restored/CPUState.sv            ;         ;
; decoder.sv                       ; yes             ; User SystemVerilog HDL File        ; //icnas4.cc.ic.ac.uk/tjm1518/DECA Lab 4/MU0CPU202004301226_restored/decoder.sv             ;         ;
; task5test.mif                    ; yes             ; User Memory Initialization File    ; //icnas4.cc.ic.ac.uk/tjm1518/DECA Lab 4/MU0CPU202004301226_restored/task5test.mif          ;         ;
; lpm_ff.tdf                       ; yes             ; Megafunction                       ; c:/intelfpga/18.1/quartus/libraries/megafunctions/lpm_ff.tdf                               ;         ;
; lpm_constant.inc                 ; yes             ; Megafunction                       ; c:/intelfpga/18.1/quartus/libraries/megafunctions/lpm_constant.inc                         ;         ;
; aglobal181.inc                   ; yes             ; Megafunction                       ; c:/intelfpga/18.1/quartus/libraries/megafunctions/aglobal181.inc                           ;         ;
; busmux.tdf                       ; yes             ; Megafunction                       ; c:/intelfpga/18.1/quartus/libraries/megafunctions/busmux.tdf                               ;         ;
; lpm_mux.inc                      ; yes             ; Megafunction                       ; c:/intelfpga/18.1/quartus/libraries/megafunctions/lpm_mux.inc                              ;         ;
; lpm_mux.tdf                      ; yes             ; Megafunction                       ; c:/intelfpga/18.1/quartus/libraries/megafunctions/lpm_mux.tdf                              ;         ;
; muxlut.inc                       ; yes             ; Megafunction                       ; c:/intelfpga/18.1/quartus/libraries/megafunctions/muxlut.inc                               ;         ;
; bypassff.inc                     ; yes             ; Megafunction                       ; c:/intelfpga/18.1/quartus/libraries/megafunctions/bypassff.inc                             ;         ;
; altshift.inc                     ; yes             ; Megafunction                       ; c:/intelfpga/18.1/quartus/libraries/megafunctions/altshift.inc                             ;         ;
; db/mux_flc.tdf                   ; yes             ; Auto-Generated Megafunction        ; //icnas4.cc.ic.ac.uk/tjm1518/DECA Lab 4/MU0CPU202004301226_restored/db/mux_flc.tdf         ;         ;
; altsyncram.tdf                   ; yes             ; Megafunction                       ; c:/intelfpga/18.1/quartus/libraries/megafunctions/altsyncram.tdf                           ;         ;
; stratix_ram_block.inc            ; yes             ; Megafunction                       ; c:/intelfpga/18.1/quartus/libraries/megafunctions/stratix_ram_block.inc                    ;         ;
; lpm_decode.inc                   ; yes             ; Megafunction                       ; c:/intelfpga/18.1/quartus/libraries/megafunctions/lpm_decode.inc                           ;         ;
; a_rdenreg.inc                    ; yes             ; Megafunction                       ; c:/intelfpga/18.1/quartus/libraries/megafunctions/a_rdenreg.inc                            ;         ;
; altrom.inc                       ; yes             ; Megafunction                       ; c:/intelfpga/18.1/quartus/libraries/megafunctions/altrom.inc                               ;         ;
; altram.inc                       ; yes             ; Megafunction                       ; c:/intelfpga/18.1/quartus/libraries/megafunctions/altram.inc                               ;         ;
; altdpram.inc                     ; yes             ; Megafunction                       ; c:/intelfpga/18.1/quartus/libraries/megafunctions/altdpram.inc                             ;         ;
; db/altsyncram_dro1.tdf           ; yes             ; Auto-Generated Megafunction        ; //icnas4.cc.ic.ac.uk/tjm1518/DECA Lab 4/MU0CPU202004301226_restored/db/altsyncram_dro1.tdf ;         ;
; db/mux_blc.tdf                   ; yes             ; Auto-Generated Megafunction        ; //icnas4.cc.ic.ac.uk/tjm1518/DECA Lab 4/MU0CPU202004301226_restored/db/mux_blc.tdf         ;         ;
; lpm_counter.tdf                  ; yes             ; Megafunction                       ; c:/intelfpga/18.1/quartus/libraries/megafunctions/lpm_counter.tdf                          ;         ;
; lpm_add_sub.inc                  ; yes             ; Megafunction                       ; c:/intelfpga/18.1/quartus/libraries/megafunctions/lpm_add_sub.inc                          ;         ;
; cmpconst.inc                     ; yes             ; Megafunction                       ; c:/intelfpga/18.1/quartus/libraries/megafunctions/cmpconst.inc                             ;         ;
; lpm_compare.inc                  ; yes             ; Megafunction                       ; c:/intelfpga/18.1/quartus/libraries/megafunctions/lpm_compare.inc                          ;         ;
; lpm_counter.inc                  ; yes             ; Megafunction                       ; c:/intelfpga/18.1/quartus/libraries/megafunctions/lpm_counter.inc                          ;         ;
; dffeea.inc                       ; yes             ; Megafunction                       ; c:/intelfpga/18.1/quartus/libraries/megafunctions/dffeea.inc                               ;         ;
; alt_counter_stratix.inc          ; yes             ; Megafunction                       ; c:/intelfpga/18.1/quartus/libraries/megafunctions/alt_counter_stratix.inc                  ;         ;
; db/cntr_0gh.tdf                  ; yes             ; Auto-Generated Megafunction        ; //icnas4.cc.ic.ac.uk/tjm1518/DECA Lab 4/MU0CPU202004301226_restored/db/cntr_0gh.tdf        ;         ;
+----------------------------------+-----------------+------------------------------------+--------------------------------------------------------------------------------------------+---------+


+---------------------------------------------------------+
; Analysis & Synthesis Resource Usage Summary             ;
+---------------------------------------------+-----------+
; Resource                                    ; Usage     ;
+---------------------------------------------+-----------+
; Estimate of Logic utilization (ALMs needed) ; 30        ;
;                                             ;           ;
; Combinational ALUT usage for logic          ; 37        ;
;     -- 7 input functions                    ; 0         ;
;     -- 6 input functions                    ; 4         ;
;     -- 5 input functions                    ; 2         ;
;     -- 4 input functions                    ; 1         ;
;     -- <=3 input functions                  ; 30        ;
;                                             ;           ;
; Dedicated logic registers                   ; 30        ;
;                                             ;           ;
; I/O pins                                    ; 83        ;
; Total MLAB memory bits                      ; 0         ;
; Total block memory bits                     ; 65536     ;
;                                             ;           ;
; Total DSP Blocks                            ; 0         ;
;                                             ;           ;
; Maximum fan-out node                        ; CLK~input ;
; Maximum fan-out                             ; 46        ;
; Total fan-out                               ; 624       ;
; Average fan-out                             ; 2.51      ;
+---------------------------------------------+-----------+


+----------------------------------------------------------------------------------------------------------------------------------------------------------------------------------------------------------------------------------------------------------------------+
; Analysis & Synthesis Resource Utilization by Entity                                                                                                                                                                                                                  ;
+-------------------------------------------+---------------------+---------------------------+-------------------+------------+------+--------------+--------------------------------------------------------------------------------+-----------------+--------------+
; Compilation Hierarchy Node                ; Combinational ALUTs ; Dedicated Logic Registers ; Block Memory Bits ; DSP Blocks ; Pins ; Virtual Pins ; Full Hierarchy Name                                                            ; Entity Name     ; Library Name ;
+-------------------------------------------+---------------------+---------------------------+-------------------+------------+------+--------------+--------------------------------------------------------------------------------+-----------------+--------------+
; |MU0CPU                                   ; 37 (1)              ; 30 (0)                    ; 65536             ; 0          ; 83   ; 0            ; |MU0CPU                                                                        ; MU0CPU          ; work         ;
;    |CPUState:stateMachine|                ; 2 (2)               ; 0 (0)                     ; 0                 ; 0          ; 0    ; 0            ; |MU0CPU|CPUState:stateMachine                                                  ; CPUState        ; work         ;
;    |RAM:RAM|                              ; 0 (0)               ; 0 (0)                     ; 65536             ; 0          ; 0    ; 0            ; |MU0CPU|RAM:RAM                                                                ; RAM             ; work         ;
;       |altsyncram:altsyncram_component|   ; 0 (0)               ; 0 (0)                     ; 65536             ; 0          ; 0    ; 0            ; |MU0CPU|RAM:RAM|altsyncram:altsyncram_component                                ; altsyncram      ; work         ;
;          |altsyncram_dro1:auto_generated| ; 0 (0)               ; 0 (0)                     ; 65536             ; 0          ; 0    ; 0            ; |MU0CPU|RAM:RAM|altsyncram:altsyncram_component|altsyncram_dro1:auto_generated ; altsyncram_dro1 ; work         ;
;    |busmux:MUX2|                          ; 16 (0)              ; 0 (0)                     ; 0                 ; 0          ; 0    ; 0            ; |MU0CPU|busmux:MUX2                                                            ; busmux          ; work         ;
;       |lpm_mux:$00000|                    ; 16 (0)              ; 0 (0)                     ; 0                 ; 0          ; 0    ; 0            ; |MU0CPU|busmux:MUX2|lpm_mux:$00000                                             ; lpm_mux         ; work         ;
;          |mux_flc:auto_generated|         ; 16 (16)             ; 0 (0)                     ; 0                 ; 0          ; 0    ; 0            ; |MU0CPU|busmux:MUX2|lpm_mux:$00000|mux_flc:auto_generated                      ; mux_flc         ; work         ;
;    |decoder:CPUDecode|                    ; 4 (4)               ; 0 (0)                     ; 0                 ; 0          ; 0    ; 0            ; |MU0CPU|decoder:CPUDecode                                                      ; decoder         ; work         ;
;    |lpm_counter:PC|                       ; 13 (0)              ; 12 (0)                    ; 0                 ; 0          ; 0    ; 0            ; |MU0CPU|lpm_counter:PC                                                         ; lpm_counter     ; work         ;
;       |cntr_0gh:auto_generated|           ; 13 (13)             ; 12 (12)                   ; 0                 ; 0          ; 0    ; 0            ; |MU0CPU|lpm_counter:PC|cntr_0gh:auto_generated                                 ; cntr_0gh        ; work         ;
;    |lpm_ff:FSMFF|                         ; 1 (1)               ; 2 (2)                     ; 0                 ; 0          ; 0    ; 0            ; |MU0CPU|lpm_ff:FSMFF                                                           ; lpm_ff          ; work         ;
;    |lpm_ff:IR|                            ; 0 (0)               ; 16 (16)                   ; 0                 ; 0          ; 0    ; 0            ; |MU0CPU|lpm_ff:IR                                                              ; lpm_ff          ; work         ;
+-------------------------------------------+---------------------+---------------------------+-------------------+------------+------+--------------+--------------------------------------------------------------------------------+-----------------+--------------+
Note: For table entries with two numbers listed, the numbers in parentheses indicate the number of resources of the given type used by the specific entity alone. The numbers listed outside of parentheses indicate the total resources of the given type used by the specific entity and all of its sub-entities in the hierarchy.


+--------------------------------------------------------------------------------------------------------------------------------------------------------------------------------------------+
; Analysis & Synthesis RAM Summary                                                                                                                                                           ;
+-----------------------------------------------------------------------------------+------+-------------+--------------+--------------+--------------+--------------+-------+---------------+
; Name                                                                              ; Type ; Mode        ; Port A Depth ; Port A Width ; Port B Depth ; Port B Width ; Size  ; MIF           ;
+-----------------------------------------------------------------------------------+------+-------------+--------------+--------------+--------------+--------------+-------+---------------+
; RAM:RAM|altsyncram:altsyncram_component|altsyncram_dro1:auto_generated|ALTSYNCRAM ; AUTO ; Single Port ; 4096         ; 16           ; --           ; --           ; 65536 ; task5test.mif ;
+-----------------------------------------------------------------------------------+------+-------------+--------------+--------------+--------------+--------------+-------+---------------+


+---------------------------------------------------------------------------------------------------+
; Analysis & Synthesis IP Cores Summary                                                             ;
+--------+--------------+---------+--------------+--------------+-----------------+-----------------+
; Vendor ; IP Core Name ; Version ; Release Date ; License Type ; Entity Instance ; IP Include File ;
+--------+--------------+---------+--------------+--------------+-----------------+-----------------+
; Altera ; RAM: 1-PORT  ; 18.1    ; N/A          ; N/A          ; |MU0CPU|RAM:RAM ; RAM.v           ;
+--------+--------------+---------+--------------+--------------+-----------------+-----------------+


+------------------------------------------------------------+
; Logic Cells Representing Combinational Loops               ;
+--------------------------------------------------------+---+
; Logic Cell Name                                        ;   ;
+--------------------------------------------------------+---+
; decoder:CPUDecode|extra~0                              ;   ;
; Number of logic cells representing combinational loops ; 1 ;
+--------------------------------------------------------+---+
Note: All cells listed above may not be present at the end of synthesis due to various synthesis optimizations.


+--------------------------------------------------------------------------------+
; Registers Removed During Synthesis                                             ;
+---------------------------------------+----------------------------------------+
; Register name                         ; Reason for Removal                     ;
+---------------------------------------+----------------------------------------+
; lpm_ff:FSMFF|dffs[2]                  ; Stuck at GND due to stuck port data_in ;
; Total Number of Removed Registers = 1 ;                                        ;
+---------------------------------------+----------------------------------------+


+------------------------------------------------------+
; General Register Statistics                          ;
+----------------------------------------------+-------+
; Statistic                                    ; Value ;
+----------------------------------------------+-------+
; Total registers                              ; 30    ;
; Number of registers using Synchronous Clear  ; 0     ;
; Number of registers using Synchronous Load   ; 28    ;
; Number of registers using Asynchronous Clear ; 0     ;
; Number of registers using Asynchronous Load  ; 0     ;
; Number of registers using Clock Enable       ; 12    ;
; Number of registers using Preset             ; 0     ;
+----------------------------------------------+-------+


+-----------------------------------------------------------------------------------------------+
; Source assignments for RAM:RAM|altsyncram:altsyncram_component|altsyncram_dro1:auto_generated ;
+---------------------------------+--------------------+------+---------------------------------+
; Assignment                      ; Value              ; From ; To                              ;
+---------------------------------+--------------------+------+---------------------------------+
; OPTIMIZE_POWER_DURING_SYNTHESIS ; NORMAL_COMPILATION ; -    ; -                               ;
+---------------------------------+--------------------+------+---------------------------------+


+-----------------------------------------------------------+
; Parameter Settings for User Entity Instance: LPM_FF:FSMFF ;
+------------------------+-----------+----------------------+
; Parameter Name         ; Value     ; Type                 ;
+------------------------+-----------+----------------------+
; LPM_WIDTH              ; 3         ; Untyped              ;
; LPM_AVALUE             ; UNUSED    ; Untyped              ;
; LPM_SVALUE             ; UNUSED    ; Untyped              ;
; LPM_FFTYPE             ; DFF       ; Untyped              ;
; DEVICE_FAMILY          ; Cyclone V ; Untyped              ;
; CBXI_PARAMETER         ; NOTHING   ; Untyped              ;
; AUTO_CARRY_CHAINS      ; ON        ; AUTO_CARRY           ;
; IGNORE_CARRY_BUFFERS   ; OFF       ; IGNORE_CARRY         ;
; AUTO_CASCADE_CHAINS    ; ON        ; AUTO_CASCADE         ;
; IGNORE_CASCADE_BUFFERS ; OFF       ; IGNORE_CASCADE       ;
+------------------------+-----------+----------------------+
Note: In order to hide this table in the UI and the text report file, please set the "Show Parameter Settings in Synthesis Report" option in "Analysis and Synthesis Settings -> More Settings" to "Off".


+----------------------------------------------------------+
; Parameter Settings for User Entity Instance: BUSMUX:MUX2 ;
+----------------+-------+---------------------------------+
; Parameter Name ; Value ; Type                            ;
+----------------+-------+---------------------------------+
; WIDTH          ; 16    ; Untyped                         ;
+----------------+-------+---------------------------------+
Note: In order to hide this table in the UI and the text report file, please set the "Show Parameter Settings in Synthesis Report" option in "Analysis and Synthesis Settings -> More Settings" to "Off".


+--------------------------------------------------------------------------------------+
; Parameter Settings for User Entity Instance: RAM:RAM|altsyncram:altsyncram_component ;
+------------------------------------+----------------------+--------------------------+
; Parameter Name                     ; Value                ; Type                     ;
+------------------------------------+----------------------+--------------------------+
; BYTE_SIZE_BLOCK                    ; 8                    ; Untyped                  ;
; AUTO_CARRY_CHAINS                  ; ON                   ; AUTO_CARRY               ;
; IGNORE_CARRY_BUFFERS               ; OFF                  ; IGNORE_CARRY             ;
; AUTO_CASCADE_CHAINS                ; ON                   ; AUTO_CASCADE             ;
; IGNORE_CASCADE_BUFFERS             ; OFF                  ; IGNORE_CASCADE           ;
; WIDTH_BYTEENA                      ; 1                    ; Untyped                  ;
; OPERATION_MODE                     ; SINGLE_PORT          ; Untyped                  ;
; WIDTH_A                            ; 16                   ; Signed Integer           ;
; WIDTHAD_A                          ; 12                   ; Signed Integer           ;
; NUMWORDS_A                         ; 4096                 ; Signed Integer           ;
; OUTDATA_REG_A                      ; UNREGISTERED         ; Untyped                  ;
; ADDRESS_ACLR_A                     ; NONE                 ; Untyped                  ;
; OUTDATA_ACLR_A                     ; NONE                 ; Untyped                  ;
; WRCONTROL_ACLR_A                   ; NONE                 ; Untyped                  ;
; INDATA_ACLR_A                      ; NONE                 ; Untyped                  ;
; BYTEENA_ACLR_A                     ; NONE                 ; Untyped                  ;
; WIDTH_B                            ; 1                    ; Untyped                  ;
; WIDTHAD_B                          ; 1                    ; Untyped                  ;
; NUMWORDS_B                         ; 1                    ; Untyped                  ;
; INDATA_REG_B                       ; CLOCK1               ; Untyped                  ;
; WRCONTROL_WRADDRESS_REG_B          ; CLOCK1               ; Untyped                  ;
; RDCONTROL_REG_B                    ; CLOCK1               ; Untyped                  ;
; ADDRESS_REG_B                      ; CLOCK1               ; Untyped                  ;
; OUTDATA_REG_B                      ; UNREGISTERED         ; Untyped                  ;
; BYTEENA_REG_B                      ; CLOCK1               ; Untyped                  ;
; INDATA_ACLR_B                      ; NONE                 ; Untyped                  ;
; WRCONTROL_ACLR_B                   ; NONE                 ; Untyped                  ;
; ADDRESS_ACLR_B                     ; NONE                 ; Untyped                  ;
; OUTDATA_ACLR_B                     ; NONE                 ; Untyped                  ;
; RDCONTROL_ACLR_B                   ; NONE                 ; Untyped                  ;
; BYTEENA_ACLR_B                     ; NONE                 ; Untyped                  ;
; WIDTH_BYTEENA_A                    ; 1                    ; Signed Integer           ;
; WIDTH_BYTEENA_B                    ; 1                    ; Untyped                  ;
; RAM_BLOCK_TYPE                     ; AUTO                 ; Untyped                  ;
; BYTE_SIZE                          ; 8                    ; Untyped                  ;
; READ_DURING_WRITE_MODE_MIXED_PORTS ; DONT_CARE            ; Untyped                  ;
; READ_DURING_WRITE_MODE_PORT_A      ; NEW_DATA_NO_NBE_READ ; Untyped                  ;
; READ_DURING_WRITE_MODE_PORT_B      ; NEW_DATA_NO_NBE_READ ; Untyped                  ;
; INIT_FILE                          ; task5test.mif        ; Untyped                  ;
; INIT_FILE_LAYOUT                   ; PORT_A               ; Untyped                  ;
; MAXIMUM_DEPTH                      ; 0                    ; Untyped                  ;
; CLOCK_ENABLE_INPUT_A               ; BYPASS               ; Untyped                  ;
; CLOCK_ENABLE_INPUT_B               ; NORMAL               ; Untyped                  ;
; CLOCK_ENABLE_OUTPUT_A              ; BYPASS               ; Untyped                  ;
; CLOCK_ENABLE_OUTPUT_B              ; NORMAL               ; Untyped                  ;
; CLOCK_ENABLE_CORE_A                ; USE_INPUT_CLKEN      ; Untyped                  ;
; CLOCK_ENABLE_CORE_B                ; USE_INPUT_CLKEN      ; Untyped                  ;
; ENABLE_ECC                         ; FALSE                ; Untyped                  ;
; ECC_PIPELINE_STAGE_ENABLED         ; FALSE                ; Untyped                  ;
; WIDTH_ECCSTATUS                    ; 3                    ; Untyped                  ;
; DEVICE_FAMILY                      ; Cyclone V            ; Untyped                  ;
; CBXI_PARAMETER                     ; altsyncram_dro1      ; Untyped                  ;
+------------------------------------+----------------------+--------------------------+
Note: In order to hide this table in the UI and the text report file, please set the "Show Parameter Settings in Synthesis Report" option in "Analysis and Synthesis Settings -> More Settings" to "Off".


+----------------------------------------------------------+
; Parameter Settings for User Entity Instance: BUSMUX:MUX1 ;
+----------------+-------+---------------------------------+
; Parameter Name ; Value ; Type                            ;
+----------------+-------+---------------------------------+
; WIDTH          ; 12    ; Untyped                         ;
+----------------+-------+---------------------------------+
Note: In order to hide this table in the UI and the text report file, please set the "Show Parameter Settings in Synthesis Report" option in "Analysis and Synthesis Settings -> More Settings" to "Off".


+-----------------------------------------------------------------+
; Parameter Settings for User Entity Instance: LPM_COUNTER:PC     ;
+------------------------+-------------------+--------------------+
; Parameter Name         ; Value             ; Type               ;
+------------------------+-------------------+--------------------+
; AUTO_CARRY_CHAINS      ; ON                ; AUTO_CARRY         ;
; IGNORE_CARRY_BUFFERS   ; OFF               ; IGNORE_CARRY       ;
; AUTO_CASCADE_CHAINS    ; ON                ; AUTO_CASCADE       ;
; IGNORE_CASCADE_BUFFERS ; OFF               ; IGNORE_CASCADE     ;
; LPM_WIDTH              ; 12                ; Untyped            ;
; LPM_DIRECTION          ; DEFAULT           ; Untyped            ;
; LPM_MODULUS            ; 0                 ; Untyped            ;
; LPM_AVALUE             ; UNUSED            ; Untyped            ;
; LPM_SVALUE             ; UNUSED            ; Untyped            ;
; LPM_PORT_UPDOWN        ; PORT_CONNECTIVITY ; Untyped            ;
; DEVICE_FAMILY          ; Cyclone V         ; Untyped            ;
; CARRY_CHAIN            ; MANUAL            ; Untyped            ;
; CARRY_CHAIN_LENGTH     ; 48                ; CARRY_CHAIN_LENGTH ;
; NOT_GATE_PUSH_BACK     ; ON                ; NOT_GATE_PUSH_BACK ;
; CARRY_CNT_EN           ; SMART             ; Untyped            ;
; LABWIDE_SCLR           ; ON                ; Untyped            ;
; USE_NEW_VERSION        ; TRUE              ; Untyped            ;
; CBXI_PARAMETER         ; cntr_0gh          ; Untyped            ;
+------------------------+-------------------+--------------------+
Note: In order to hide this table in the UI and the text report file, please set the "Show Parameter Settings in Synthesis Report" option in "Analysis and Synthesis Settings -> More Settings" to "Off".


+--------------------------------------------------------+
; Parameter Settings for User Entity Instance: LPM_FF:IR ;
+------------------------+-----------+-------------------+
; Parameter Name         ; Value     ; Type              ;
+------------------------+-----------+-------------------+
; LPM_WIDTH              ; 16        ; Untyped           ;
; LPM_AVALUE             ; UNUSED    ; Untyped           ;
; LPM_SVALUE             ; UNUSED    ; Untyped           ;
; LPM_FFTYPE             ; DFF       ; Untyped           ;
; DEVICE_FAMILY          ; Cyclone V ; Untyped           ;
; CBXI_PARAMETER         ; NOTHING   ; Untyped           ;
; AUTO_CARRY_CHAINS      ; ON        ; AUTO_CARRY        ;
; IGNORE_CARRY_BUFFERS   ; OFF       ; IGNORE_CARRY      ;
; AUTO_CASCADE_CHAINS    ; ON        ; AUTO_CASCADE      ;
; IGNORE_CASCADE_BUFFERS ; OFF       ; IGNORE_CASCADE    ;
+------------------------+-----------+-------------------+
Note: In order to hide this table in the UI and the text report file, please set the "Show Parameter Settings in Synthesis Report" option in "Analysis and Synthesis Settings -> More Settings" to "Off".


+-------------------------------------------------------------------------------------+
; altsyncram Parameter Settings by Entity Instance                                    ;
+-------------------------------------------+-----------------------------------------+
; Name                                      ; Value                                   ;
+-------------------------------------------+-----------------------------------------+
; Number of entity instances                ; 1                                       ;
; Entity Instance                           ; RAM:RAM|altsyncram:altsyncram_component ;
;     -- OPERATION_MODE                     ; SINGLE_PORT                             ;
;     -- WIDTH_A                            ; 16                                      ;
;     -- NUMWORDS_A                         ; 4096                                    ;
;     -- OUTDATA_REG_A                      ; UNREGISTERED                            ;
;     -- WIDTH_B                            ; 1                                       ;
;     -- NUMWORDS_B                         ; 1                                       ;
;     -- ADDRESS_REG_B                      ; CLOCK1                                  ;
;     -- OUTDATA_REG_B                      ; UNREGISTERED                            ;
;     -- RAM_BLOCK_TYPE                     ; AUTO                                    ;
;     -- READ_DURING_WRITE_MODE_MIXED_PORTS ; DONT_CARE                               ;
+-------------------------------------------+-----------------------------------------+


+-----------------------------------------------------+
; Post-Synthesis Netlist Statistics for Top Partition ;
+-----------------------+-----------------------------+
; Type                  ; Count                       ;
+-----------------------+-----------------------------+
; arriav_ff             ; 30                          ;
;     ENA SLD           ; 12                          ;
;     SLD               ; 18                          ;
; arriav_lcell_comb     ; 39                          ;
;     arith             ; 12                          ;
;         1 data inputs ; 12                          ;
;     normal            ; 27                          ;
;         0 data inputs ; 1                           ;
;         1 data inputs ; 3                           ;
;         3 data inputs ; 16                          ;
;         4 data inputs ; 1                           ;
;         5 data inputs ; 2                           ;
;         6 data inputs ; 4                           ;
; boundary_port         ; 83                          ;
; stratixv_ram_block    ; 16                          ;
;                       ;                             ;
; Max LUT depth         ; 3.00                        ;
; Average LUT depth     ; 1.65                        ;
+-----------------------+-----------------------------+


+-------------------------------+
; Elapsed Time Per Partition    ;
+----------------+--------------+
; Partition Name ; Elapsed Time ;
+----------------+--------------+
; Top            ; 00:00:00     ;
+----------------+--------------+


+-------------------------------+
; Analysis & Synthesis Messages ;
+-------------------------------+
Info: *******************************************************************
Info: Running Quartus Prime Analysis & Synthesis
    Info: Version 18.1.0 Build 625 09/12/2018 SJ Standard Edition
    Info: Processing started: Thu Apr 30 14:21:41 2020
Info: Command: quartus_map --read_settings_files=on --write_settings_files=off MU0CPU -c MU0CPU
Warning (18236): Number of processors has not been specified which may cause overloading on shared machines.  Set the global assignment NUM_PARALLEL_PROCESSORS in your QSF to an appropriate value for best performance.
Info (20030): Parallel compilation is enabled and will use 6 of the 6 processors detected
Info (12021): Found 1 design units, including 1 entities, in source file mu0cpu.bdf
    Info (12023): Found entity 1: MU0CPU
Info (12021): Found 1 design units, including 1 entities, in source file ram.v
    Info (12023): Found entity 1: RAM File: //icnas4.cc.ic.ac.uk/tjm1518/DECA Lab 4/MU0CPU202004301226_restored/RAM.v Line: 39
Info (12021): Found 1 design units, including 1 entities, in source file cpustate.sv
    Info (12023): Found entity 1: CPUState File: //icnas4.cc.ic.ac.uk/tjm1518/DECA Lab 4/MU0CPU202004301226_restored/CPUState.sv Line: 1
Info (12021): Found 1 design units, including 1 entities, in source file decoder.sv
    Info (12023): Found entity 1: decoder File: //icnas4.cc.ic.ac.uk/tjm1518/DECA Lab 4/MU0CPU202004301226_restored/decoder.sv Line: 1
Info (12127): Elaborating entity "MU0CPU" for the top level hierarchy
Info (12128): Elaborating entity "decoder" for hierarchy "decoder:CPUDecode"
Warning (10036): Verilog HDL or VHDL warning at decoder.sv(16): object "LDI" assigned a value but never read File: //icnas4.cc.ic.ac.uk/tjm1518/DECA Lab 4/MU0CPU202004301226_restored/decoder.sv Line: 16
Warning (10036): Verilog HDL or VHDL warning at decoder.sv(16): object "LSL" assigned a value but never read File: //icnas4.cc.ic.ac.uk/tjm1518/DECA Lab 4/MU0CPU202004301226_restored/decoder.sv Line: 16
Warning (10036): Verilog HDL or VHDL warning at decoder.sv(16): object "LSR" assigned a value but never read File: //icnas4.cc.ic.ac.uk/tjm1518/DECA Lab 4/MU0CPU202004301226_restored/decoder.sv Line: 16
Warning (10034): Output port "o1" at decoder.sv(6) has no driver File: //icnas4.cc.ic.ac.uk/tjm1518/DECA Lab 4/MU0CPU202004301226_restored/decoder.sv Line: 6
Warning (10034): Output port "o2" at decoder.sv(7) has no driver File: //icnas4.cc.ic.ac.uk/tjm1518/DECA Lab 4/MU0CPU202004301226_restored/decoder.sv Line: 7
Info (12128): Elaborating entity "CPUState" for hierarchy "CPUState:stateMachine"
Info (12128): Elaborating entity "LPM_FF" for hierarchy "LPM_FF:FSMFF"
Info (12130): Elaborated megafunction instantiation "LPM_FF:FSMFF"
Info (12133): Instantiated megafunction "LPM_FF:FSMFF" with the following parameter:
    Info (12134): Parameter "LPM_WIDTH" = "3"
Info (12128): Elaborating entity "BUSMUX" for hierarchy "BUSMUX:MUX2"
Info (12130): Elaborated megafunction instantiation "BUSMUX:MUX2"
Info (12133): Instantiated megafunction "BUSMUX:MUX2" with the following parameter:
    Info (12134): Parameter "WIDTH" = "16"
Info (12128): Elaborating entity "lpm_mux" for hierarchy "BUSMUX:MUX2|lpm_mux:$00000" File: c:/intelfpga/18.1/quartus/libraries/megafunctions/busmux.tdf Line: 43
Info (12131): Elaborated megafunction instantiation "BUSMUX:MUX2|lpm_mux:$00000", which is child of megafunction instantiation "BUSMUX:MUX2" File: c:/intelfpga/18.1/quartus/libraries/megafunctions/busmux.tdf Line: 43
Info (12021): Found 1 design units, including 1 entities, in source file db/mux_flc.tdf
    Info (12023): Found entity 1: mux_flc File: //icnas4.cc.ic.ac.uk/tjm1518/DECA Lab 4/MU0CPU202004301226_restored/db/mux_flc.tdf Line: 22
Info (12128): Elaborating entity "mux_flc" for hierarchy "BUSMUX:MUX2|lpm_mux:$00000|mux_flc:auto_generated" File: c:/intelfpga/18.1/quartus/libraries/megafunctions/lpm_mux.tdf Line: 86
Info (12128): Elaborating entity "RAM" for hierarchy "RAM:RAM"
Info (12128): Elaborating entity "altsyncram" for hierarchy "RAM:RAM|altsyncram:altsyncram_component" File: //icnas4.cc.ic.ac.uk/tjm1518/DECA Lab 4/MU0CPU202004301226_restored/RAM.v Line: 85
Info (12130): Elaborated megafunction instantiation "RAM:RAM|altsyncram:altsyncram_component" File: //icnas4.cc.ic.ac.uk/tjm1518/DECA Lab 4/MU0CPU202004301226_restored/RAM.v Line: 85
Info (12133): Instantiated megafunction "RAM:RAM|altsyncram:altsyncram_component" with the following parameter: File: //icnas4.cc.ic.ac.uk/tjm1518/DECA Lab 4/MU0CPU202004301226_restored/RAM.v Line: 85
    Info (12134): Parameter "clock_enable_input_a" = "BYPASS"
    Info (12134): Parameter "clock_enable_output_a" = "BYPASS"
    Info (12134): Parameter "init_file" = "task5test.mif"
    Info (12134): Parameter "intended_device_family" = "Cyclone V"
    Info (12134): Parameter "lpm_hint" = "ENABLE_RUNTIME_MOD=NO"
    Info (12134): Parameter "lpm_type" = "altsyncram"
    Info (12134): Parameter "numwords_a" = "4096"
    Info (12134): Parameter "operation_mode" = "SINGLE_PORT"
    Info (12134): Parameter "outdata_aclr_a" = "NONE"
    Info (12134): Parameter "outdata_reg_a" = "UNREGISTERED"
    Info (12134): Parameter "power_up_uninitialized" = "FALSE"
    Info (12134): Parameter "read_during_write_mode_port_a" = "NEW_DATA_NO_NBE_READ"
    Info (12134): Parameter "widthad_a" = "12"
    Info (12134): Parameter "width_a" = "16"
    Info (12134): Parameter "width_byteena_a" = "1"
Info (12021): Found 1 design units, including 1 entities, in source file db/altsyncram_dro1.tdf
    Info (12023): Found entity 1: altsyncram_dro1 File: //icnas4.cc.ic.ac.uk/tjm1518/DECA Lab 4/MU0CPU202004301226_restored/db/altsyncram_dro1.tdf Line: 27
Info (12128): Elaborating entity "altsyncram_dro1" for hierarchy "RAM:RAM|altsyncram:altsyncram_component|altsyncram_dro1:auto_generated" File: c:/intelfpga/18.1/quartus/libraries/megafunctions/altsyncram.tdf Line: 791
Info (12128): Elaborating entity "BUSMUX" for hierarchy "BUSMUX:MUX1"
Info (12130): Elaborated megafunction instantiation "BUSMUX:MUX1"
Info (12133): Instantiated megafunction "BUSMUX:MUX1" with the following parameter:
    Info (12134): Parameter "WIDTH" = "12"
Info (12128): Elaborating entity "lpm_mux" for hierarchy "BUSMUX:MUX1|lpm_mux:$00000" File: c:/intelfpga/18.1/quartus/libraries/megafunctions/busmux.tdf Line: 43
Info (12131): Elaborated megafunction instantiation "BUSMUX:MUX1|lpm_mux:$00000", which is child of megafunction instantiation "BUSMUX:MUX1" File: c:/intelfpga/18.1/quartus/libraries/megafunctions/busmux.tdf Line: 43
Info (12021): Found 1 design units, including 1 entities, in source file db/mux_blc.tdf
    Info (12023): Found entity 1: mux_blc File: //icnas4.cc.ic.ac.uk/tjm1518/DECA Lab 4/MU0CPU202004301226_restored/db/mux_blc.tdf Line: 22
Info (12128): Elaborating entity "mux_blc" for hierarchy "BUSMUX:MUX1|lpm_mux:$00000|mux_blc:auto_generated" File: c:/intelfpga/18.1/quartus/libraries/megafunctions/lpm_mux.tdf Line: 86
Info (12128): Elaborating entity "LPM_COUNTER" for hierarchy "LPM_COUNTER:PC"
Info (12130): Elaborated megafunction instantiation "LPM_COUNTER:PC"
Info (12133): Instantiated megafunction "LPM_COUNTER:PC" with the following parameter:
    Info (12134): Parameter "LPM_WIDTH" = "12"
Info (12021): Found 1 design units, including 1 entities, in source file db/cntr_0gh.tdf
    Info (12023): Found entity 1: cntr_0gh File: //icnas4.cc.ic.ac.uk/tjm1518/DECA Lab 4/MU0CPU202004301226_restored/db/cntr_0gh.tdf Line: 25
Info (12128): Elaborating entity "cntr_0gh" for hierarchy "LPM_COUNTER:PC|cntr_0gh:auto_generated" File: c:/intelfpga/18.1/quartus/libraries/megafunctions/lpm_counter.tdf Line: 258
Info (12128): Elaborating entity "LPM_FF" for hierarchy "LPM_FF:IR"
Info (12130): Elaborated megafunction instantiation "LPM_FF:IR"
Info (12133): Instantiated megafunction "LPM_FF:IR" with the following parameter:
    Info (12134): Parameter "LPM_WIDTH" = "16"
Warning (13024): Output pins are stuck at VCC or GND
    Warning (13410): Pin "Mux2Select" is stuck at GND
    Warning (13410): Pin "CurrentState[2]" is stuck at GND
    Warning (13410): Pin "NextState[2]" is stuck at GND
Info (286030): Timing-Driven Synthesis is running
Info (16010): Generating hard_block partition "hard_block:auto_generated_inst"
    Info (16011): Adding 0 node(s), including 0 DDIO, 0 PLL, 0 transceiver and 0 LCELL
Info (21057): Implemented 154 device resources after synthesis - the final resource count might be different
    Info (21058): Implemented 1 input pins
    Info (21059): Implemented 82 output pins
    Info (21061): Implemented 55 logic cells
    Info (21064): Implemented 16 RAM segments
Info: Quartus Prime Analysis & Synthesis was successful. 0 errors, 10 warnings
    Info: Peak virtual memory: 4893 megabytes
    Info: Processing ended: Thu Apr 30 14:22:08 2020
    Info: Elapsed time: 00:00:27
    Info: Total CPU time (on all processors): 00:00:20


